<?xml version="1.0" encoding="UTF-8"?>
<!-- Generated by org.testng.reporters.JUnitXMLReporter -->
<testsuite ignored="1" hostname="DESKTOP-TRF2919" failures="0" tests="1" name="Default test" time="121.198" errors="0" timestamp="2020-04-19T11:27:52 IST">
  <testcase classname="aSathyaTestCases.SamsungTv1Test" name="writeTv1Data" time="12.274"/>
  <testcase classname="aSathyaTestCases.SamsungTv1Test" name="validateSamsungTv1Test" time="0.0">
    <ignored/>
  </testcase> <!-- validateSamsungTv1Test -->
</testsuite> <!-- Default test -->
