<?xml version="1.0" encoding="UTF-8"?>
<!-- Generated by org.testng.reporters.JUnitXMLReporter -->
<testsuite ignored="15" hostname="DESKTOP-TRF2919" failures="0" tests="5" name="Sathya Maven Automation Test" time="444.504" errors="0" timestamp="2020-04-23T12:09:09 IST">
  <testcase classname="aSathyaTestCases.SamsungTv1Test" name="writeTv1Data" time="9.713"/>
  <testcase classname="aSathyaTestCases.SamsungTv2Test" name="writeTv2Data" time="11.153"/>
  <testcase classname="aSathyaTestCases.SamsungTv3Test" name="writeTv3Data" time="16.861"/>
  <testcase classname="aSathyaTestCases.SamsungTv4Test" name="writeTv4Data" time="5.954"/>
  <testcase classname="aSathyaTestCases.SamsungTv4Test" name="entry" time="22.582"/>
  <testcase classname="aSathyaTestCases.UltraHDTvTest" name="clickSamsungTv4Test" time="0.0">
    <ignored/>
  </testcase> <!-- clickSamsungTv4Test -->
  <testcase classname="aSathyaTestCases.LoginPageTest" name="loginTest" time="0.0">
    <ignored/>
  </testcase> <!-- loginTest -->
  <testcase classname="aSathyaTestCases.UltraHDTvTest" name="clickSamsungTv1Test" time="0.0">
    <ignored/>
  </testcase> <!-- clickSamsungTv1Test -->
  <testcase classname="aSathyaTestCases.UltraHDTvTest" name="validateUltraHDPageTest" time="0.0">
    <ignored/>
  </testcase> <!-- validateUltraHDPageTest -->
  <testcase classname="aSathyaTestCases.TelevisionPageTest" name="validateTelevisionPageTest" time="0.0">
    <ignored/>
  </testcase> <!-- validateTelevisionPageTest -->
  <testcase classname="aSathyaTestCases.UltraHDTvTest" name="clickSamsungTv2Test" time="0.0">
    <ignored/>
  </testcase> <!-- clickSamsungTv2Test -->
  <testcase classname="aSathyaTestCases.LoginPageTest" name="loginpagetitleTest" time="0.0">
    <ignored/>
  </testcase> <!-- loginpagetitleTest -->
  <testcase classname="aSathyaTestCases.HomePageTest" name="televisionPageTest" time="0.0">
    <ignored/>
  </testcase> <!-- televisionPageTest -->
  <testcase classname="aSathyaTestCases.UltraHDTvTest" name="clickSamsungTv3Test" time="0.0">
    <ignored/>
  </testcase> <!-- clickSamsungTv3Test -->
  <testcase classname="aSathyaTestCases.TelevisionPageTest" name="clickUltraHDTvTest" time="0.0">
    <ignored/>
  </testcase> <!-- clickUltraHDTvTest -->
  <testcase classname="aSathyaTestCases.SamsungTv3Test" name="validateSamsungTvTitleTest" time="0.0">
    <ignored/>
  </testcase> <!-- validateSamsungTvTitleTest -->
  <testcase classname="aSathyaTestCases.SamsungTv1Test" name="validateSamsungTv1Test" time="0.0">
    <ignored/>
  </testcase> <!-- validateSamsungTv1Test -->
  <testcase classname="aSathyaTestCases.HomePageTest" name="validateHomePageTest" time="0.0">
    <ignored/>
  </testcase> <!-- validateHomePageTest -->
  <testcase classname="aSathyaTestCases.SamsungTv2Test" name="validateSamsungTv2TitleTest" time="0.0">
    <ignored/>
  </testcase> <!-- validateSamsungTv2TitleTest -->
  <testcase classname="aSathyaTestCases.SamsungTv4Test" name="validateSamsungTv4TitleTest" time="0.0">
    <ignored/>
  </testcase> <!-- validateSamsungTv4TitleTest -->
</testsuite> <!-- Sathya Maven Automation Test -->
