<?xml version="1.0" encoding="UTF-8"?>
<testng-results ignored="1" total="2" passed="1" failed="0" skipped="0">
  <reporter-output>
  </reporter-output>
  <suite started-at="2020-04-19T11:25:50 IST" name="Default suite" finished-at="2020-04-19T11:27:52 IST" duration-ms="121198">
    <groups>
      <group name="smoke">
        <method signature="SamsungTv1Test.writeTv1Data()[pri:2, instance:aSathyaTestCases.SamsungTv1Test@1f0f1111]" name="writeTv1Data" class="aSathyaTestCases.SamsungTv1Test"/>
      </group> <!-- smoke -->
    </groups>
    <test started-at="2020-04-19T11:25:50 IST" name="Default test" finished-at="2020-04-19T11:27:52 IST" duration-ms="121198">
      <class name="aSathyaTestCases.SamsungTv1Test">
        <test-method is-config="true" signature="setUp()[pri:0, instance:aSathyaTestCases.SamsungTv1Test@1f0f1111]" started-at="2020-04-19T11:25:51 IST" name="setUp" finished-at="2020-04-19T11:27:38 IST" duration-ms="107868" status="PASS">
          <reporter-output>
          </reporter-output>
        </test-method> <!-- setUp -->
        <test-method signature="writeTv1Data()[pri:2, instance:aSathyaTestCases.SamsungTv1Test@1f0f1111]" started-at="2020-04-19T11:27:38 IST" name="writeTv1Data" finished-at="2020-04-19T11:27:51 IST" duration-ms="12274" status="PASS">
          <reporter-output>
          </reporter-output>
        </test-method> <!-- writeTv1Data -->
        <test-method is-config="true" signature="tearDown()[pri:0, instance:aSathyaTestCases.SamsungTv1Test@1f0f1111]" started-at="2020-04-19T11:27:51 IST" name="tearDown" finished-at="2020-04-19T11:27:52 IST" duration-ms="950" status="PASS">
          <reporter-output>
          </reporter-output>
        </test-method> <!-- tearDown -->
      </class> <!-- aSathyaTestCases.SamsungTv1Test -->
    </test> <!-- Default test -->
  </suite> <!-- Default suite -->
</testng-results>
