<?xml version="1.0" encoding="UTF-8"?>
<!-- Generated by org.testng.reporters.JUnitXMLReporter -->
<testsuite ignored="0" hostname="DESKTOP-TRF2919" failures="0" tests="20" name="Sathya Maven Automation Test" time="1666.866" errors="0" timestamp="2020-04-13T20:05:22 IST">
  <testcase classname="aSathyaTestCases.LoginPageTest" name="loginpagetitleTest" time="1.738"/>
  <testcase classname="aSathyaTestCases.LoginPageTest" name="loginTest" time="6.404"/>
  <testcase classname="aSathyaTestCases.HomePageTest" name="validateHomePageTest" time="0.103"/>
  <testcase classname="aSathyaTestCases.HomePageTest" name="televisionPageTest" time="3.652"/>
  <testcase classname="aSathyaTestCases.TelevisionPageTest" name="validateTelevisionPageTest" time="0.023"/>
  <testcase classname="aSathyaTestCases.TelevisionPageTest" name="clickUltraHDTvTest" time="5.968"/>
  <testcase classname="aSathyaTestCases.UltraHDTvTest" name="validateUltraHDPageTest" time="0.027"/>
  <testcase classname="aSathyaTestCases.UltraHDTvTest" name="clickSamsungTv1Test" time="1.764"/>
  <testcase classname="aSathyaTestCases.UltraHDTvTest" name="clickSamsungTv2Test" time="11.928"/>
  <testcase classname="aSathyaTestCases.UltraHDTvTest" name="clickSamsungTv3Test" time="23.696"/>
  <testcase classname="aSathyaTestCases.UltraHDTvTest" name="clickSamsungTv4Test" time="9.846"/>
  <testcase classname="aSathyaTestCases.SamsungTv1Test" name="validateSamsungTv1Test" time="0.322"/>
  <testcase classname="aSathyaTestCases.SamsungTv1Test" name="writeTv1Data" time="16.48"/>
  <testcase classname="aSathyaTestCases.SamsungTv2Test" name="validateSamsungTv2TitleTest" time="0.274"/>
  <testcase classname="aSathyaTestCases.SamsungTv2Test" name="writeTv2Data" time="8.095"/>
  <testcase classname="aSathyaTestCases.SamsungTv3Test" name="validateSamsungTvTitleTest" time="0.352"/>
  <testcase classname="aSathyaTestCases.SamsungTv3Test" name="writeTv3Data" time="5.492"/>
  <testcase classname="aSathyaTestCases.SamsungTv4Test" name="validateSamsungTv4TitleTest" time="0.03"/>
  <testcase classname="aSathyaTestCases.SamsungTv4Test" name="writeTv4Data" time="16.035"/>
  <testcase classname="aSathyaTestCases.SamsungTv4Test" name="entry" time="21.648"/>
</testsuite> <!-- Sathya Maven Automation Test -->
